2024-01-07 21:22:31.552232|info             [INFO]Failed to load ZeroTier controller API authtoken
2024-01-07 21:22:31.562379|info             [INFO]Starting ACME handler
2024-01-07 21:22:31.564976|info             [INFO]Inbound port not set. Using default (80)
2024-01-07 21:22:31.565003|info             [INFO]Force latest TLS mode disabled. Minimum TLS version is set to v1.0
2024-01-07 21:22:31.565010|info             [INFO]TLS mode disabled. Serving proxy request with plain http
2024-01-07 21:22:31.565022|info             [INFO]Port 80 listener disabled
2024-01-07 21:22:31.565106|info             [INFO]Force HTTPS mode disabled
2024-01-07 21:22:31.874333|info             [INFO]Dynamic Reverse Proxy service started
2024-01-07 21:22:31.874364|info             [INFO]Uptime Monitor background service started
2024-01-07 21:22:32.065010|info             [INFO]Zoraxy started. Visit control panel at http://localhost:8000
2024-01-07 21:22:32.065021|info             [INFO]Assigned temporary port:49450
2024-01-07 21:23:01.543701|info             [INFO]mDNS Startup scan completed
2024-01-07 21:38:01.543951|info             [INFO]mDNS scan result updated
2024-01-07 21:53:01.543313|info             [INFO]mDNS scan result updated
2024-01-07 22:08:01.544511|info             [INFO]mDNS scan result updated
2024-01-07 22:23:01.544310|info             [INFO]mDNS scan result updated
2024-01-07 22:38:01.544471|info             [INFO]mDNS scan result updated
2024-01-07 22:53:01.543776|info             [INFO]mDNS scan result updated
2024-01-07 23:08:01.543483|info             [INFO]mDNS scan result updated
2024-01-07 23:23:01.544345|info             [INFO]mDNS scan result updated
2024-01-07 23:38:01.543919|info             [INFO]mDNS scan result updated
2024-01-07 23:53:01.543581|info             [INFO]mDNS scan result updated
2024-01-08 00:08:01.543832|info             [INFO]mDNS scan result updated
2024-01-08 00:23:01.543865|info             [INFO]mDNS scan result updated
2024-01-08 00:38:01.543733|info             [INFO]mDNS scan result updated
2024-01-08 00:53:01.544116|info             [INFO]mDNS scan result updated
2024-01-08 01:08:01.544695|info             [INFO]mDNS scan result updated
2024-01-08 01:23:01.543939|info             [INFO]mDNS scan result updated
2024-01-08 01:38:01.544525|info             [INFO]mDNS scan result updated
2024-01-08 01:53:01.543569|info             [INFO]mDNS scan result updated
2024-01-08 02:08:01.543720|info             [INFO]mDNS scan result updated
2024-01-08 02:23:01.543263|info             [INFO]mDNS scan result updated
2024-01-08 02:38:01.544435|info             [INFO]mDNS scan result updated
2024-01-08 02:53:01.544485|info             [INFO]mDNS scan result updated
2024-01-08 03:08:01.543112|info             [INFO]mDNS scan result updated
2024-01-08 03:23:01.543427|info             [INFO]mDNS scan result updated
2024-01-08 03:38:01.542956|info             [INFO]mDNS scan result updated
2024-01-08 03:53:01.543185|info             [INFO]mDNS scan result updated
